<?xml version="1.0" encoding="UTF-8"?>
<!-- Generated by org.testng.reporters.JUnitReportReporter -->
<testsuite hostname="192V7QA" name="test.hd.HDTest" tests="1" failures="0" timestamp="10 Oct 2016 22:17:56 GMT" time="0.006" errors="0">
  <testcase name="test" time="0.006" classname="test.hd.HDTest"/>
</testsuite> <!-- test.hd.HDTest -->
